C:\USERS\GRGAN\DOCUMENTS\GITHUB\DEMAPPER_VS\DEMAPPER\DEMAPPER\DEBUG\DEMAPPER.PCH
C:\USERS\GRGAN\DOCUMENTS\GITHUB\DEMAPPER_VS\DEMAPPER\DEMAPPER\DEBUG\STDAFX.OBJ
C:\USERS\GRGAN\DOCUMENTS\GITHUB\DEMAPPER_VS\DEMAPPER\DEMAPPER\DEBUG\VC110.PDB
C:\USERS\GRGAN\DOCUMENTS\GITHUB\DEMAPPER_VS\DEMAPPER\DEMAPPER\DEBUG\DEMAP.OBJ
C:\USERS\GRGAN\DOCUMENTS\GITHUB\DEMAPPER_VS\DEMAPPER\DEBUG\DEMAPPER.ILK
C:\USERS\GRGAN\DOCUMENTS\GITHUB\DEMAPPER_VS\DEMAPPER\DEBUG\DEMAPPER.EXE
C:\USERS\GRGAN\DOCUMENTS\GITHUB\DEMAPPER_VS\DEMAPPER\DEBUG\DEMAPPER.PDB
C:\Users\grgan\Documents\GitHub\Demapper_VS\Demapper\Demapper\Debug\demap.obj
C:\Users\grgan\Documents\GitHub\Demapper_VS\Demapper\Demapper\Debug\stdafx.obj
C:\Users\grgan\Documents\GitHub\Demapper_VS\Demapper\Demapper\Debug\cl.command.1.tlog
C:\Users\grgan\Documents\GitHub\Demapper_VS\Demapper\Demapper\Debug\CL.read.1.tlog
C:\Users\grgan\Documents\GitHub\Demapper_VS\Demapper\Demapper\Debug\CL.write.1.tlog
C:\Users\grgan\Documents\GitHub\Demapper_VS\Demapper\Demapper\Debug\link-cvtres.read.1.tlog
C:\Users\grgan\Documents\GitHub\Demapper_VS\Demapper\Demapper\Debug\link-cvtres.write.1.tlog
C:\Users\grgan\Documents\GitHub\Demapper_VS\Demapper\Demapper\Debug\link-rc.read.1.tlog
C:\Users\grgan\Documents\GitHub\Demapper_VS\Demapper\Demapper\Debug\link-rc.write.1.tlog
C:\Users\grgan\Documents\GitHub\Demapper_VS\Demapper\Demapper\Debug\link.command.1.tlog
C:\Users\grgan\Documents\GitHub\Demapper_VS\Demapper\Demapper\Debug\link.read.1.tlog
C:\Users\grgan\Documents\GitHub\Demapper_VS\Demapper\Demapper\Debug\link.write.1.tlog
C:\Users\grgan\Documents\GitHub\Demapper_VS\Demapper\Demapper\Debug\Demapper.pch
C:\Users\grgan\Documents\GitHub\Demapper_VS\Demapper\Demapper\Debug\vc110.idb
C:\Users\grgan\Documents\GitHub\Demapper_VS\Demapper\Demapper\Debug\vc110.pdb
C:\Users\grgan\Documents\GitHub\Demapper_VS\Demapper\Debug\Demapper.pdb
C:\Users\grgan\Documents\GitHub\Demapper_VS\Demapper\Debug\Demapper.exe
C:\Users\grgan\Documents\GitHub\Demapper_VS\Demapper\Debug\Demapper.ilk
